<?xml version="1.0" encoding="UTF-8"?>
<coverage generated="1524553860263" clover="3.2.0">
  <project timestamp="1524553860263" name="All files">
    <metrics statements="17" coveredstatements="17" conditionals="9" coveredconditionals="9" methods="8" coveredmethods="8" elements="34" coveredelements="34" complexity="0" loc="17" ncloc="17" packages="3" files="6" classes="6">
      <package name="actions">
        <metrics statements="4" coveredstatements="4" conditionals="0" coveredconditionals="0" methods="3" coveredmethods="3"/>
        <file name="action-creators.js" path="C:\react-projects\learning\tech-huddle-react-redux-course-v1\Exam\exam-scaffolding\src\js\actions\action-creators.js">
          <metrics statements="3" coveredstatements="3" conditionals="0" coveredconditionals="0" methods="3" coveredmethods="3"/>
          <line num="3" count="1" type="stmt"/>
          <line num="9" count="1" type="stmt"/>
          <line num="14" count="1" type="stmt"/>
        </file>
        <file name="action-types.js" path="C:\react-projects\learning\tech-huddle-react-redux-course-v1\Exam\exam-scaffolding\src\js\actions\action-types.js">
          <metrics statements="1" coveredstatements="1" conditionals="0" coveredconditionals="0" methods="0" coveredmethods="0"/>
          <line num="1" count="2" type="stmt"/>
        </file>
      </package>
      <package name="data">
        <metrics statements="1" coveredstatements="1" conditionals="0" coveredconditionals="0" methods="0" coveredmethods="0"/>
        <file name="songs.js" path="C:\react-projects\learning\tech-huddle-react-redux-course-v1\Exam\exam-scaffolding\src\js\data\songs.js">
          <metrics statements="1" coveredstatements="1" conditionals="0" coveredconditionals="0" methods="0" coveredmethods="0"/>
          <line num="6" count="1" type="stmt"/>
        </file>
      </package>
      <package name="reducers">
        <metrics statements="12" coveredstatements="12" conditionals="9" coveredconditionals="9" methods="5" coveredmethods="5"/>
        <file name="playlist-reducer.js" path="C:\react-projects\learning\tech-huddle-react-redux-course-v1\Exam\exam-scaffolding\src\js\reducers\playlist-reducer.js">
          <metrics statements="8" coveredstatements="8" conditionals="5" coveredconditionals="5" methods="3" coveredmethods="3"/>
          <line num="4" count="3" type="cond" truecount="2" falsecount="0"/>
          <line num="5" count="1" type="stmt"/>
          <line num="8" count="2" type="cond" truecount="2" falsecount="0"/>
          <line num="9" count="1" type="stmt"/>
          <line num="10" count="1" type="stmt"/>
          <line num="13" count="1" type="stmt"/>
          <line num="14" count="1" type="stmt"/>
          <line num="17" count="1" type="stmt"/>
        </file>
        <file name="searchResult-reducer.js" path="C:\react-projects\learning\tech-huddle-react-redux-course-v1\Exam\exam-scaffolding\src\js\reducers\searchResult-reducer.js">
          <metrics statements="3" coveredstatements="3" conditionals="3" coveredconditionals="3" methods="1" coveredmethods="1"/>
          <line num="4" count="2" type="cond" truecount="2" falsecount="0"/>
          <line num="5" count="1" type="stmt"/>
          <line num="8" count="1" type="stmt"/>
        </file>
        <file name="songs-reducer.js" path="C:\react-projects\learning\tech-huddle-react-redux-course-v1\Exam\exam-scaffolding\src\js\reducers\songs-reducer.js">
          <metrics statements="1" coveredstatements="1" conditionals="1" coveredconditionals="1" methods="1" coveredmethods="1"/>
          <line num="4" count="1" type="stmt"/>
        </file>
      </package>
    </metrics>
  </project>
</coverage>
