{"C:\\react-projects\\learning\\tech-huddle-react-redux-course-v1\\Exam\\exam-scaffolding\\src\\js\\actions\\action-creators.js": {"path":"C:\\react-projects\\learning\\tech-huddle-react-redux-course-v1\\Exam\\exam-scaffolding\\src\\js\\actions\\action-creators.js","statementMap":{"0":{"start":{"line":3,"column":45},"end":{"line":7,"column":2}},"1":{"start":{"line":3,"column":66},"end":{"line":7,"column":1}},"2":{"start":{"line":9,"column":34},"end":{"line":12,"column":2}},"3":{"start":{"line":9,"column":43},"end":{"line":12,"column":1}},"4":{"start":{"line":14,"column":33},"end":{"line":18,"column":2}},"5":{"start":{"line":14,"column":50},"end":{"line":18,"column":1}}},"fnMap":{"0":{"name":"(anonymous_0)","decl":{"start":{"line":3,"column":45},"end":{"line":3,"column":46}},"loc":{"start":{"line":3,"column":66},"end":{"line":7,"column":1}},"line":3},"1":{"name":"(anonymous_1)","decl":{"start":{"line":9,"column":34},"end":{"line":9,"column":35}},"loc":{"start":{"line":9,"column":43},"end":{"line":12,"column":1}},"line":9},"2":{"name":"(anonymous_2)","decl":{"start":{"line":14,"column":33},"end":{"line":14,"column":34}},"loc":{"start":{"line":14,"column":50},"end":{"line":18,"column":1}},"line":14}},"branchMap":{},"s":{"0":1,"1":1,"2":1,"3":1,"4":1,"5":1},"f":{"0":1,"1":1,"2":1},"b":{},"_coverageSchema":"332fd63041d2c1bcb487cc26dd0d5f7d97098a6c","hash":"eda726fe8a56ce1fba911aa0d1ed3dee34da2947"}
,"C:\\react-projects\\learning\\tech-huddle-react-redux-course-v1\\Exam\\exam-scaffolding\\src\\js\\actions\\action-types.js": {"path":"C:\\react-projects\\learning\\tech-huddle-react-redux-course-v1\\Exam\\exam-scaffolding\\src\\js\\actions\\action-types.js","statementMap":{"0":{"start":{"line":1,"column":27},"end":{"line":5,"column":1}}},"fnMap":{},"branchMap":{},"s":{"0":2},"f":{},"b":{},"_coverageSchema":"332fd63041d2c1bcb487cc26dd0d5f7d97098a6c","hash":"17f10240dcb8d2c723dc531fab4a417471573398"}
,"C:\\react-projects\\learning\\tech-huddle-react-redux-course-v1\\Exam\\exam-scaffolding\\src\\js\\data\\songs.js": {"path":"C:\\react-projects\\learning\\tech-huddle-react-redux-course-v1\\Exam\\exam-scaffolding\\src\\js\\data\\songs.js","statementMap":{"0":{"start":{"line":6,"column":14},"end":{"line":42,"column":1}}},"fnMap":{},"branchMap":{},"s":{"0":1},"f":{},"b":{},"_coverageSchema":"332fd63041d2c1bcb487cc26dd0d5f7d97098a6c","hash":"d90767720f342c594ae6f5fe5d6baf124c97c2fc"}
,"C:\\react-projects\\learning\\tech-huddle-react-redux-course-v1\\Exam\\exam-scaffolding\\src\\js\\reducers\\playlist-reducer.js": {"path":"C:\\react-projects\\learning\\tech-huddle-react-redux-course-v1\\Exam\\exam-scaffolding\\src\\js\\reducers\\playlist-reducer.js","statementMap":{"0":{"start":{"line":4,"column":2},"end":{"line":6,"column":3}},"1":{"start":{"line":5,"column":4},"end":{"line":5,"column":43}},"2":{"start":{"line":8,"column":2},"end":{"line":15,"column":3}},"3":{"start":{"line":9,"column":28},"end":{"line":9,"column":60}},"4":{"start":{"line":9,"column":44},"end":{"line":9,"column":59}},"5":{"start":{"line":10,"column":24},"end":{"line":12,"column":6}},"6":{"start":{"line":13,"column":32},"end":{"line":13,"column":66}},"7":{"start":{"line":13,"column":50},"end":{"line":13,"column":65}},"8":{"start":{"line":14,"column":4},"end":{"line":14,"column":49}},"9":{"start":{"line":17,"column":2},"end":{"line":17,"column":15}}},"fnMap":{"0":{"name":"playlistReducer","decl":{"start":{"line":3,"column":24},"end":{"line":3,"column":39}},"loc":{"start":{"line":3,"column":74},"end":{"line":18,"column":1}},"line":3},"1":{"name":"(anonymous_1)","decl":{"start":{"line":9,"column":39},"end":{"line":9,"column":40}},"loc":{"start":{"line":9,"column":44},"end":{"line":9,"column":59}},"line":9},"2":{"name":"(anonymous_2)","decl":{"start":{"line":13,"column":45},"end":{"line":13,"column":46}},"loc":{"start":{"line":13,"column":50},"end":{"line":13,"column":65}},"line":13}},"branchMap":{"0":{"loc":{"start":{"line":3,"column":40},"end":{"line":3,"column":50}},"type":"default-arg","locations":[{"start":{"line":3,"column":48},"end":{"line":3,"column":50}}],"line":3},"1":{"loc":{"start":{"line":4,"column":2},"end":{"line":6,"column":3}},"type":"if","locations":[{"start":{"line":4,"column":2},"end":{"line":6,"column":3}},{"start":{"line":4,"column":2},"end":{"line":6,"column":3}}],"line":4},"2":{"loc":{"start":{"line":8,"column":2},"end":{"line":15,"column":3}},"type":"if","locations":[{"start":{"line":8,"column":2},"end":{"line":15,"column":3}},{"start":{"line":8,"column":2},"end":{"line":15,"column":3}}],"line":8}},"s":{"0":3,"1":1,"2":2,"3":1,"4":1,"5":1,"6":1,"7":1,"8":1,"9":1},"f":{"0":3,"1":1,"2":1},"b":{"0":[2],"1":[1,2],"2":[1,1]},"_coverageSchema":"332fd63041d2c1bcb487cc26dd0d5f7d97098a6c","hash":"cb79da43d88558a4bf16e5d631b406ff0da6d151"}
,"C:\\react-projects\\learning\\tech-huddle-react-redux-course-v1\\Exam\\exam-scaffolding\\src\\js\\reducers\\searchResult-reducer.js": {"path":"C:\\react-projects\\learning\\tech-huddle-react-redux-course-v1\\Exam\\exam-scaffolding\\src\\js\\reducers\\searchResult-reducer.js","statementMap":{"0":{"start":{"line":4,"column":2},"end":{"line":6,"column":3}},"1":{"start":{"line":5,"column":4},"end":{"line":5,"column":49}},"2":{"start":{"line":8,"column":2},"end":{"line":8,"column":15}}},"fnMap":{"0":{"name":"searchReducer","decl":{"start":{"line":3,"column":24},"end":{"line":3,"column":37}},"loc":{"start":{"line":3,"column":76},"end":{"line":9,"column":1}},"line":3}},"branchMap":{"0":{"loc":{"start":{"line":3,"column":38},"end":{"line":3,"column":48}},"type":"default-arg","locations":[{"start":{"line":3,"column":46},"end":{"line":3,"column":48}}],"line":3},"1":{"loc":{"start":{"line":4,"column":2},"end":{"line":6,"column":3}},"type":"if","locations":[{"start":{"line":4,"column":2},"end":{"line":6,"column":3}},{"start":{"line":4,"column":2},"end":{"line":6,"column":3}}],"line":4}},"s":{"0":2,"1":1,"2":1},"f":{"0":2},"b":{"0":[2],"1":[1,1]},"_coverageSchema":"332fd63041d2c1bcb487cc26dd0d5f7d97098a6c","hash":"450dfb9e917dad4a0f847d019c9c811ca5d71a2f"}
,"C:\\react-projects\\learning\\tech-huddle-react-redux-course-v1\\Exam\\exam-scaffolding\\src\\js\\reducers\\songs-reducer.js": {"path":"C:\\react-projects\\learning\\tech-huddle-react-redux-course-v1\\Exam\\exam-scaffolding\\src\\js\\reducers\\songs-reducer.js","statementMap":{"0":{"start":{"line":4,"column":2},"end":{"line":4,"column":15}}},"fnMap":{"0":{"name":"songsReducer","decl":{"start":{"line":3,"column":24},"end":{"line":3,"column":36}},"loc":{"start":{"line":3,"column":52},"end":{"line":5,"column":1}},"line":3}},"branchMap":{"0":{"loc":{"start":{"line":3,"column":37},"end":{"line":3,"column":50}},"type":"default-arg","locations":[{"start":{"line":3,"column":45},"end":{"line":3,"column":50}}],"line":3}},"s":{"0":1},"f":{"0":1},"b":{"0":[1]},"_coverageSchema":"332fd63041d2c1bcb487cc26dd0d5f7d97098a6c","hash":"c2e7a532626383ebcc9c328f38d257759f582a52"}
}
