TN:
SF:C:\react-projects\learning\tech-huddle-react-redux-course-v1\Exam\exam-scaffolding\src\js\actions\action-creators.js
FN:3,(anonymous_0)
FN:9,(anonymous_1)
FN:14,(anonymous_2)
FNF:3
FNH:3
FNDA:1,(anonymous_0)
FNDA:1,(anonymous_1)
FNDA:1,(anonymous_2)
DA:3,1
DA:9,1
DA:14,1
LF:3
LH:3
BRF:0
BRH:0
end_of_record
TN:
SF:C:\react-projects\learning\tech-huddle-react-redux-course-v1\Exam\exam-scaffolding\src\js\actions\action-types.js
FNF:0
FNH:0
DA:1,2
LF:1
LH:1
BRF:0
BRH:0
end_of_record
TN:
SF:C:\react-projects\learning\tech-huddle-react-redux-course-v1\Exam\exam-scaffolding\src\js\data\songs.js
FNF:0
FNH:0
DA:6,1
LF:1
LH:1
BRF:0
BRH:0
end_of_record
TN:
SF:C:\react-projects\learning\tech-huddle-react-redux-course-v1\Exam\exam-scaffolding\src\js\reducers\playlist-reducer.js
FN:3,playlistReducer
FN:9,(anonymous_1)
FN:13,(anonymous_2)
FNF:3
FNH:3
FNDA:3,playlistReducer
FNDA:1,(anonymous_1)
FNDA:1,(anonymous_2)
DA:4,3
DA:5,1
DA:8,2
DA:9,1
DA:10,1
DA:13,1
DA:14,1
DA:17,1
LF:8
LH:8
BRDA:3,0,0,2
BRDA:4,1,0,1
BRDA:4,1,1,2
BRDA:8,2,0,1
BRDA:8,2,1,1
BRF:5
BRH:5
end_of_record
TN:
SF:C:\react-projects\learning\tech-huddle-react-redux-course-v1\Exam\exam-scaffolding\src\js\reducers\searchResult-reducer.js
FN:3,searchReducer
FNF:1
FNH:1
FNDA:2,searchReducer
DA:4,2
DA:5,1
DA:8,1
LF:3
LH:3
BRDA:3,0,0,2
BRDA:4,1,0,1
BRDA:4,1,1,1
BRF:3
BRH:3
end_of_record
TN:
SF:C:\react-projects\learning\tech-huddle-react-redux-course-v1\Exam\exam-scaffolding\src\js\reducers\songs-reducer.js
FN:3,songsReducer
FNF:1
FNH:1
FNDA:1,songsReducer
DA:4,1
LF:1
LH:1
BRDA:3,0,0,1
BRF:1
BRH:1
end_of_record
